INFO:     Loading environment from '/Users/PC-HOME/cardo-sinapse/.env'
/Users/PC-HOME/cardo-sinapse/venv/lib/python3.9/site-packages/google/oauth2/__init__.py:40: FutureWarning: You are using a Python version 3.9 past its end of life. Google will update google-auth with critical bug fixes on a best-effort basis, but not with any other fixes or features. Please upgrade your Python version, and then update google-auth.
  warnings.warn(eol_message.format("3.9"), FutureWarning)
/Users/PC-HOME/cardo-sinapse/venv/lib/python3.9/site-packages/google/auth/__init__.py:54: FutureWarning: You are using a Python version 3.9 past its end of life. Google will update google-auth with critical bug fixes on a best-effort basis, but not with any other fixes or features. Please upgrade your Python version, and then update google-auth.
  warnings.warn(eol_message.format("3.9"), FutureWarning)
/Users/PC-HOME/cardo-sinapse/venv/lib/python3.9/site-packages/google/api_core/_python_version_support.py:246: FutureWarning: You are using a non-supported Python version (3.9.6). Google will not post any further updates to google.api_core supporting this Python version. Please upgrade to the latest Python version, or at least Python 3.10, and then update google.api_core.
  warnings.warn(message, FutureWarning)
INFO:     Started server process [55235]
INFO:     Waiting for application startup.
ERROR:    Traceback (most recent call last):
  File "/Users/PC-HOME/cardo-sinapse/venv/lib/python3.9/site-packages/starlette/routing.py", line 693, in lifespan
    async with self.lifespan_context(app) as maybe_state:
  File "/Library/Developer/CommandLineTools/Library/Frameworks/Python3.framework/Versions/3.9/lib/python3.9/contextlib.py", line 175, in __aenter__
    return await self.gen.__anext__()
  File "/Users/PC-HOME/cardo-sinapse/venv/lib/python3.9/site-packages/fastapi/routing.py", line 133, in merged_lifespan
    async with original_context(app) as maybe_original_state:
  File "/Library/Developer/CommandLineTools/Library/Frameworks/Python3.framework/Versions/3.9/lib/python3.9/contextlib.py", line 175, in __aenter__
    return await self.gen.__anext__()
  File "/Users/PC-HOME/cardo-sinapse/venv/lib/python3.9/site-packages/fastapi/routing.py", line 133, in merged_lifespan
    async with original_context(app) as maybe_original_state:
  File "/Library/Developer/CommandLineTools/Library/Frameworks/Python3.framework/Versions/3.9/lib/python3.9/contextlib.py", line 175, in __aenter__
    return await self.gen.__anext__()
  File "/Users/PC-HOME/cardo-sinapse/venv/lib/python3.9/site-packages/fastapi/routing.py", line 133, in merged_lifespan
    async with original_context(app) as maybe_original_state:
  File "/Library/Developer/CommandLineTools/Library/Frameworks/Python3.framework/Versions/3.9/lib/python3.9/contextlib.py", line 175, in __aenter__
    return await self.gen.__anext__()
  File "/Users/PC-HOME/cardo-sinapse/backend/main.py", line 625, in lifespan
    _init_users_db()
  File "/Users/PC-HOME/cardo-sinapse/backend/main.py", line 1299, in _init_users_db
    conn = get_conn()
  File "/Users/PC-HOME/cardo-sinapse/backend/db.py", line 9, in get_conn
    raise RuntimeError("DATABASE_URL not set")
RuntimeError: DATABASE_URL not set

ERROR:    Application startup failed. Exiting.
